Build started 04/12/2011 21:47:28.
     1>Project "C:\Users\sok_f\documents\visual studio 2010\Projects\Babel\Babel\Babel.vcxproj" on node 2 (build target(s)).
     1>InitializeBuildStatus:
         Creating "Debug\Babel.unsuccessfulbuild" because "AlwaysCreate" was specified.
       ClCompile:
         C:\Program Files (x86)\Microsoft Visual Studio 10.0\VC\bin\CL.exe /c /ZI /nologo /W3 /WX- /Od /Oy- /D _MBCS /Gm /EHsc /RTC1 /MDd /GS /fp:precise /Zc:wchar_t /Zc:forScope /Fo"Debug\\" /Fd"Debug\vc100.pdb" /Gd /TP /analyze- /errorReport:prompt testaudio.cpp
         testaudio.cpp
       Link:
         C:\Program Files (x86)\Microsoft Visual Studio 10.0\VC\bin\link.exe /ERRORREPORT:PROMPT /OUT:"C:\Users\sok_f\documents\visual studio 2010\Projects\Babel\Debug\Babel.exe" /NOLOGO C:\Users\sok_f\Documents\Win32\Debug\portaudio_x86.lib C:\Users\sok_f\Documents\Win32\Debug\libspeex.lib /MANIFEST /ManifestFile:"Debug\Babel.exe.intermediate.manifest" /MANIFESTUAC:"level='asInvoker' uiAccess='false'" /DEBUG /PDB:"C:\Users\sok_f\documents\visual studio 2010\Projects\Babel\Debug\Babel.pdb" /TLBID:1 /DYNAMICBASE /NXCOMPAT /IMPLIB:"C:\Users\sok_f\documents\visual studio 2010\Projects\Babel\Debug\Babel.lib" /MACHINE:X86 Debug\AManager.obj
         Debug\testaudio.obj
         LINK : C:\Users\sok_f\documents\visual studio 2010\Projects\Babel\Debug\Babel.exe not found or not built by the last incremental link; performing full link
         Babel.vcxproj -> C:\Users\sok_f\documents\visual studio 2010\Projects\Babel\Debug\Babel.exe
       Manifest:
         C:\Program Files (x86)\Microsoft SDKs\Windows\v7.0A\bin\mt.exe /nologo /verbose /outputresource:"C:\Users\sok_f\documents\visual studio 2010\Projects\Babel\Debug\Babel.exe;#1" /manifest Debug\Babel.exe.intermediate.manifest
       FinalizeBuildStatus:
         Deleting file "Debug\Babel.unsuccessfulbuild".
         Touching "Debug\Babel.lastbuildstate".
     1>Done Building Project "C:\Users\sok_f\documents\visual studio 2010\Projects\Babel\Babel\Babel.vcxproj" (build target(s)).

Build succeeded.

Time Elapsed 00:00:01.12
